0 info it worked if it ends with ok
1 verbose cli [ 'C:\\Program Files\\nodejs\\node.exe',
1 verbose cli   'C:\\Program Files\\nodejs\\node_modules\\npm\\bin\\npm-cli.js',
1 verbose cli   'install',
1 verbose cli   'connect-flash',
1 verbose cli   '--save' ]
2 info using npm@3.10.3
3 info using node@v6.7.0
4 silly loadCurrentTree Starting
5 silly install loadCurrentTree
6 silly install readLocalPackageData
7 silly fetchPackageMetaData connect-flash@^1.1.0
8 silly fetchNamedPackageData connect-flash
9 silly mapToRegistry name connect-flash
10 silly mapToRegistry using default registry
11 silly mapToRegistry registry https://registry.npmjs.org/
12 silly mapToRegistry data Result {
12 silly mapToRegistry   raw: 'connect-flash',
12 silly mapToRegistry   scope: null,
12 silly mapToRegistry   escapedName: 'connect-flash',
12 silly mapToRegistry   name: 'connect-flash',
12 silly mapToRegistry   rawSpec: '',
12 silly mapToRegistry   spec: 'latest',
12 silly mapToRegistry   type: 'tag' }
13 silly mapToRegistry uri https://registry.npmjs.org/connect-flash
14 verbose request uri https://registry.npmjs.org/connect-flash
15 verbose request no auth needed
16 info attempt registry request try #1 at 11:37:37 AM
17 verbose request id 91970afc2262a64d
18 verbose etag W/"58d5dc4e-1892"
19 verbose lastModified Sat, 25 Mar 2017 02:56:14 GMT
20 http request GET https://registry.npmjs.org/connect-flash
21 http 200 https://registry.npmjs.org/connect-flash
22 verbose headers { server: 'nginx/1.10.1',
22 verbose headers   'content-type': 'application/json',
22 verbose headers   'last-modified': 'Thu, 13 Apr 2017 06:05:59 GMT',
22 verbose headers   etag: 'W/"58ef1547-18b2"',
22 verbose headers   'content-encoding': 'gzip',
22 verbose headers   'cache-control': 'max-age=300',
22 verbose headers   'content-length': '2302',
22 verbose headers   'accept-ranges': 'bytes',
22 verbose headers   date: 'Thu, 27 Apr 2017 08:37:35 GMT',
22 verbose headers   via: '1.1 varnish',
22 verbose headers   age: '212',
22 verbose headers   connection: 'keep-alive',
22 verbose headers   'x-served-by': 'cache-hhn1546-HHN',
22 verbose headers   'x-cache': 'HIT',
22 verbose headers   'x-cache-hits': '1',
22 verbose headers   'x-timer': 'S1493282256.628603,VS0,VE0',
22 verbose headers   vary: 'Accept-Encoding' }
23 silly get cb [ 200,
23 silly get   { server: 'nginx/1.10.1',
23 silly get     'content-type': 'application/json',
23 silly get     'last-modified': 'Thu, 13 Apr 2017 06:05:59 GMT',
23 silly get     etag: 'W/"58ef1547-18b2"',
23 silly get     'content-encoding': 'gzip',
23 silly get     'cache-control': 'max-age=300',
23 silly get     'content-length': '2302',
23 silly get     'accept-ranges': 'bytes',
23 silly get     date: 'Thu, 27 Apr 2017 08:37:35 GMT',
23 silly get     via: '1.1 varnish',
23 silly get     age: '212',
23 silly get     connection: 'keep-alive',
23 silly get     'x-served-by': 'cache-hhn1546-HHN',
23 silly get     'x-cache': 'HIT',
23 silly get     'x-cache-hits': '1',
23 silly get     'x-timer': 'S1493282256.628603,VS0,VE0',
23 silly get     vary: 'Accept-Encoding' } ]
24 verbose get saving connect-flash to C:\Users\roman.ivanov\AppData\Roaming\npm-cache\registry.npmjs.org\connect-flash\.cache.json
25 verbose correctMkdir C:\Users\roman.ivanov\AppData\Roaming\npm-cache correctMkdir not in flight; initializing
26 silly fetchPackageMetaData Error: No compatible version found: connect-flash@^1.1.0
26 silly fetchPackageMetaData Valid install targets:
26 silly fetchPackageMetaData 0.1.1, 0.1.0
26 silly fetchPackageMetaData
26 silly fetchPackageMetaData     at pickVersionFromRegistryDocument (C:\Program Files\nodejs\node_modules\npm\lib\fetch-package-metadata.js:170:16)
26 silly fetchPackageMetaData     at C:\Program Files\nodejs\node_modules\npm\node_modules\iferr\index.js:13:50
26 silly fetchPackageMetaData     at C:\Program Files\nodejs\node_modules\npm\lib\utils\pulse-till-done.js:20:8
26 silly fetchPackageMetaData     at saved (C:\Program Files\nodejs\node_modules\npm\lib\cache\caching-client.js:174:7)
26 silly fetchPackageMetaData     at C:\Program Files\nodejs\node_modules\npm\node_modules\graceful-fs\polyfills.js:210:7
26 silly fetchPackageMetaData     at FSReqWrap.oncomplete (fs.js:123:15)
26 silly fetchPackageMetaData  error for connect-flash@^1.1.0 Error: No compatible version found: connect-flash@^1.1.0
26 silly fetchPackageMetaData Valid install targets:
26 silly fetchPackageMetaData 0.1.1, 0.1.0
26 silly fetchPackageMetaData
26 silly fetchPackageMetaData     at pickVersionFromRegistryDocument (C:\Program Files\nodejs\node_modules\npm\lib\fetch-package-metadata.js:170:16)
26 silly fetchPackageMetaData     at C:\Program Files\nodejs\node_modules\npm\node_modules\iferr\index.js:13:50
26 silly fetchPackageMetaData     at C:\Program Files\nodejs\node_modules\npm\lib\utils\pulse-till-done.js:20:8
26 silly fetchPackageMetaData     at saved (C:\Program Files\nodejs\node_modules\npm\lib\cache\caching-client.js:174:7)
26 silly fetchPackageMetaData     at C:\Program Files\nodejs\node_modules\npm\node_modules\graceful-fs\polyfills.js:210:7
26 silly fetchPackageMetaData     at FSReqWrap.oncomplete (fs.js:123:15)
27 silly rollbackFailedOptional Starting
28 silly rollbackFailedOptional Finishing
29 silly runTopLevelLifecycles Starting
30 silly runTopLevelLifecycles Finishing
31 silly install printInstalled
32 verbose stack Error: No compatible version found: connect-flash@^1.1.0
32 verbose stack Valid install targets:
32 verbose stack 0.1.1, 0.1.0
32 verbose stack
32 verbose stack     at pickVersionFromRegistryDocument (C:\Program Files\nodejs\node_modules\npm\lib\fetch-package-metadata.js:170:16)
32 verbose stack     at C:\Program Files\nodejs\node_modules\npm\node_modules\iferr\index.js:13:50
32 verbose stack     at C:\Program Files\nodejs\node_modules\npm\lib\utils\pulse-till-done.js:20:8
32 verbose stack     at saved (C:\Program Files\nodejs\node_modules\npm\lib\cache\caching-client.js:174:7)
32 verbose stack     at C:\Program Files\nodejs\node_modules\npm\node_modules\graceful-fs\polyfills.js:210:7
32 verbose stack     at FSReqWrap.oncomplete (fs.js:123:15)
33 verbose cwd E:\info\js\react\barber-react-redux\react_barber
34 error Windows_NT 10.0.14393
35 error argv "C:\\Program Files\\nodejs\\node.exe" "C:\\Program Files\\nodejs\\node_modules\\npm\\bin\\npm-cli.js" "install" "connect-flash" "--save"
36 error node v6.7.0
37 error npm  v3.10.3
38 error No compatible version found: connect-flash@^1.1.0
38 error Valid install targets:
38 error 0.1.1, 0.1.0
39 error If you need help, you may report this error at:
39 error     <https://github.com/npm/npm/issues>
40 verbose exit [ 1, true ]
